2025-04-25 02:03:07,131 - WARNING - PyNaCl is not installed, voice will NOT be supported
2025-04-25 02:03:07,133 - INFO - logging in using static token
2025-04-25 02:03:07,729 - ERROR - Could not find channel with ID 1365114395352371210
2025-04-25 02:03:08,340 - INFO - Shard ID None has connected to Gateway (Session ID: 53641b92ad011c7c3efd1fb5762876cf).
2025-04-25 02:03:10,350 - INFO - Logged in as DexBaseBot (1365113079158800394)
2025-04-25 02:06:13,033 - WARNING - PyNaCl is not installed, voice will NOT be supported
2025-04-25 02:06:13,034 - INFO - logging in using static token
2025-04-25 02:06:13,439 - ERROR - Could not find channel with ID 1365114395352371210
2025-04-25 02:06:13,753 - INFO - Shard ID None has connected to Gateway (Session ID: 24aafab41ccd3d9c3a6d5f8dce17eaf9).
2025-04-25 02:06:15,759 - INFO - Logged in as DexBaseBot (1365113079158800394)
2025-04-25 02:07:27,389 - WARNING - PyNaCl is not installed, voice will NOT be supported
2025-04-25 02:07:27,390 - INFO - logging in using static token
2025-04-25 02:07:27,877 - ERROR - Could not find channel with ID 1365114395352371210
2025-04-25 02:07:28,150 - INFO - Shard ID None has connected to Gateway (Session ID: d93ee183753866df00adbf1be35d2ccb).
2025-04-25 02:07:30,158 - INFO - Logged in as DexBaseBot (1365113079158800394)
2025-04-25 02:09:44,691 - INFO - Test notification sent successfully
2025-04-25 02:09:45,161 - INFO - Test notification sent successfully
2025-04-25 06:25:50,841 - WARNING - PyNaCl is not installed, voice will NOT be supported
2025-04-25 06:25:50,842 - INFO - logging in using static token
2025-04-25 06:25:51,308 - INFO - Caching initial tokens...
2025-04-25 06:25:51,505 - INFO - Cached 58 initial tokens
2025-04-25 06:25:51,829 - INFO - Shard ID None has connected to Gateway (Session ID: 2a52809d940b217e57cdef8b9a079754).
2025-04-25 06:25:53,831 - INFO - Logged in as DexBaseBot (1365113079158800394)
2025-04-25 06:25:53,831 - INFO - Monitoring chains: Base, Solana
2025-04-25 06:25:53,831 - INFO - Fetching latest token profiles...
2025-04-25 06:25:54,013 - INFO - Received 30 tokens from API
2025-04-25 06:25:55,835 - INFO - Fetching latest token profiles...
2025-04-25 06:25:56,002 - INFO - Received 30 tokens from API
2025-04-25 06:25:57,845 - INFO - Fetching latest token profiles...
2025-04-25 06:25:58,014 - INFO - Received 30 tokens from API
2025-04-25 06:25:59,832 - INFO - Fetching latest token profiles...
2025-04-25 06:26:00,003 - INFO - Received 30 tokens from API
2025-04-25 06:26:01,843 - INFO - Fetching latest token profiles...
2025-04-25 06:26:02,020 - INFO - Received 30 tokens from API
2025-04-25 06:26:03,841 - INFO - Fetching latest token profiles...
2025-04-25 06:26:04,014 - INFO - Received 30 tokens from API
2025-04-25 06:26:05,843 - INFO - Fetching latest token profiles...
2025-04-25 06:26:06,023 - INFO - Received 30 tokens from API
2025-04-25 06:26:07,857 - INFO - Fetching latest token profiles...
2025-04-25 06:26:08,025 - INFO - Received 30 tokens from API
2025-04-25 06:32:52,345 - WARNING - PyNaCl is not installed, voice will NOT be supported
2025-04-25 06:32:52,346 - INFO - logging in using static token
2025-04-25 06:32:52,825 - INFO - Caching initial tokens...
2025-04-25 06:32:53,019 - INFO - Cached 59 initial tokens
2025-04-25 06:32:53,312 - INFO - Shard ID None has connected to Gateway (Session ID: db185ec22707841b841663aad6b0484e).
2025-04-25 06:32:55,316 - INFO - Logged in as DexBaseBot (1365113079158800394)
2025-04-25 06:32:55,316 - INFO - Monitoring chains: Base, Solana
2025-04-25 06:32:55,316 - INFO - Fetching latest token profiles...
2025-04-25 06:32:55,487 - INFO - Received 30 tokens from API
2025-04-25 06:32:57,331 - INFO - Fetching latest token profiles...
2025-04-25 06:32:57,503 - INFO - Received 30 tokens from API
2025-04-25 06:32:59,328 - INFO - Fetching latest token profiles...
2025-04-25 06:32:59,522 - INFO - Received 30 tokens from API
2025-04-25 06:33:01,318 - INFO - Fetching latest token profiles...
2025-04-25 06:33:01,495 - INFO - Received 30 tokens from API
2025-04-25 06:33:03,330 - INFO - Fetching latest token profiles...
2025-04-25 06:33:03,503 - INFO - Received 30 tokens from API
2025-04-25 06:33:05,330 - INFO - Fetching latest token profiles...
2025-04-25 06:33:05,498 - INFO - Received 30 tokens from API
2025-04-25 06:33:07,325 - INFO - Fetching latest token profiles...
2025-04-25 06:33:07,497 - INFO - Received 30 tokens from API
2025-04-25 06:33:09,335 - INFO - Fetching latest token profiles...
2025-04-25 06:33:09,504 - INFO - Received 30 tokens from API
2025-04-25 06:33:11,322 - INFO - Fetching latest token profiles...
2025-04-25 06:33:11,497 - INFO - Received 30 tokens from API
2025-04-25 06:33:13,330 - INFO - Fetching latest token profiles...
2025-04-25 06:33:13,498 - INFO - Received 30 tokens from API
2025-04-25 06:33:15,322 - INFO - Fetching latest token profiles...
2025-04-25 06:33:15,514 - INFO - Received 30 tokens from API
2025-04-25 06:33:17,317 - INFO - Fetching latest token profiles...
2025-04-25 06:33:17,492 - INFO - Received 30 tokens from API
2025-04-25 06:33:19,321 - INFO - Fetching latest token profiles...
2025-04-25 06:33:19,489 - INFO - Received 30 tokens from API
2025-04-25 06:33:21,319 - INFO - Fetching latest token profiles...
2025-04-25 06:33:21,490 - INFO - Received 30 tokens from API
2025-04-25 06:33:23,321 - INFO - Fetching latest token profiles...
2025-04-25 06:33:23,500 - INFO - Received 30 tokens from API
2025-04-25 06:33:25,319 - INFO - Fetching latest token profiles...
2025-04-25 06:33:25,491 - INFO - Received 30 tokens from API
